<?xml version="1.0" encoding="UTF-8" ?>
<testsuite failures="0" time="0.18" errors="0" skipped="0" tests="11" name="com.googlecode.ipv6.IPv6NetworkTest">
  <properties>
[...]
</properties>
  <testcase time="0" classname="com.googlecode.ipv6.IPv6NetworkTest" name="split"/>
  <testcase time="0" classname="com.googlecode.ipv6.IPv6NetworkTest" name="contains"/>
  <testcase time="0" classname="com.googlecode.ipv6.IPv6NetworkTest" name="constructAndVerifyPrefixLength"/>
  <testcase time="0" classname="com.googlecode.ipv6.IPv6NetworkTest" name="zeroNetworkContainsEverything"/>
  <testcase time="0" classname="com.googlecode.ipv6.IPv6NetworkTest" name="iteratorShouldStartWithFirstAndEndWithLast"/>
  <testcase time="0.18" classname="com.googlecode.ipv6.IPv6NetworkTest" name="toStringCanBeUsedInFromStringAndViceVersa"/>
  <testcase time="0" classname="com.googlecode.ipv6.IPv6NetworkTest" name="constructFromTwoAddresses"/>
  <testcase time="0" classname="com.googlecode.ipv6.IPv6NetworkTest" name="stringRepresentation"/>
  <testcase time="0" classname="com.googlecode.ipv6.IPv6NetworkTest" name="constructAndVerifyNetmask"/>
  <testcase time="0" classname="com.googlecode.ipv6.IPv6NetworkTest" name="splitInLargerSize"/>
  <testcase time="0" classname="com.googlecode.ipv6.IPv6NetworkTest" name="splitInSameSize"/>
</testsuite>